\BOOKMARK [0][-]{chapter.1}{\376\377\000C\000o\000n\000t\000e\000x\000t\000e\000\040\000G\000\351\000n\000\351\000r\000a\000l\000\040\000d\000u\000\040\000P\000r\000o\000j\000e\000t\000\040\000e\000t\000\040\000C\000a\000d\000r\000a\000g\000e}{}% 1
\BOOKMARK [1][-]{section.1.1}{\376\377\000I\000n\000t\000r\000o\000d\000u\000c\000t\000i\000o\000n}{chapter.1}% 2
\BOOKMARK [1][-]{section.1.2}{\376\377\000P\000r\000\351\000s\000e\000n\000t\000a\000t\000i\000o\000n\000\040\000d\000u\000\040\000G\000r\000o\000u\000p\000e\000\040\000D\000a\000n\000o\000n\000e}{chapter.1}% 3
\BOOKMARK [2][-]{subsection.1.2.1}{\376\377\000H\000i\000s\000t\000o\000r\000i\000q\000u\000e\000\040\000e\000t\000\040\000i\000d\000e\000n\000t\000i\000t\000\351}{section.1.2}% 4
\BOOKMARK [2][-]{subsection.1.2.2}{\376\377\000D\000a\000n\000o\000n\000e\000\040\000a\000u\000j\000o\000u\000r\000d\000'\000h\000u\000i\000\040\000-\000\040\000C\000h\000i\000f\000f\000r\000e\000s\000\040\000c\000l\000\351\000s}{section.1.2}% 5
\BOOKMARK [2][-]{subsection.1.2.3}{\376\377\000P\000\364\000l\000e\000s\000\040\000d\000'\000a\000c\000t\000i\000v\000i\000t\000\351}{section.1.2}% 6
\BOOKMARK [2][-]{subsection.1.2.4}{\376\377\000M\000i\000s\000s\000i\000o\000n\000\040\000e\000t\000\040\000v\000a\000l\000e\000u\000r\000s}{section.1.2}% 7
\BOOKMARK [1][-]{section.1.3}{\376\377\000C\000e\000n\000t\000r\000a\000l\000\040\000D\000a\000n\000o\000n\000e\000\040\000M\000a\000r\000o\000c}{chapter.1}% 8
\BOOKMARK [2][-]{subsection.1.3.1}{\376\377\000P\000r\000\351\000s\000e\000n\000t\000a\000t\000i\000o\000n\000\040\000g\000\351\000n\000\351\000r\000a\000l\000e}{section.1.3}% 9
\BOOKMARK [2][-]{subsection.1.3.2}{\376\377\000S\000i\000t\000e\000s\000\040\000d\000e\000\040\000p\000r\000o\000d\000u\000c\000t\000i\000o\000n}{section.1.3}% 10
\BOOKMARK [2][-]{subsection.1.3.3}{\376\377\000P\000o\000r\000t\000e\000f\000e\000u\000i\000l\000l\000e\000\040\000d\000e\000\040\000m\000a\000r\000q\000u\000e\000s}{section.1.3}% 11
\BOOKMARK [2][-]{subsection.1.3.4}{\376\377\000C\000e\000r\000t\000i\000f\000i\000c\000a\000t\000i\000o\000n\000s}{section.1.3}% 12
\BOOKMARK [1][-]{section.1.4}{\376\377\000S\000i\000t\000e\000\040\000d\000e\000\040\000C\000e\000n\000t\000r\000a\000l\000\040\000D\000a\000n\000o\000n\000e\000\040\000M\000e\000k\000n\000\350\000s}{chapter.1}% 13
\BOOKMARK [2][-]{subsection.1.4.1}{\376\377\000P\000r\000\351\000s\000e\000n\000t\000a\000t\000i\000o\000n\000\040\000d\000u\000\040\000s\000i\000t\000e}{section.1.4}% 14
\BOOKMARK [2][-]{subsection.1.4.2}{\376\377\000A\000c\000t\000i\000v\000i\000t\000\351\000s\000\040\000d\000u\000\040\000s\000i\000t\000e}{section.1.4}% 15
\BOOKMARK [1][-]{section.1.5}{\376\377\000O\000r\000g\000a\000n\000i\000s\000a\000t\000i\000o\000n\000\040\000e\000t\000\040\000S\000t\000r\000u\000c\000t\000u\000r\000e\000\040\000d\000u\000\040\000S\000i\000t\000e}{chapter.1}% 16
\BOOKMARK [2][-]{subsection.1.5.1}{\376\377\000O\000r\000g\000a\000n\000i\000g\000r\000a\000m\000m\000e\000\040\000g\000\351\000n\000\351\000r\000a\000l}{section.1.5}% 17
\BOOKMARK [2][-]{subsection.1.5.2}{\376\377\000L\000e\000s\000\040\000p\000r\000i\000n\000c\000i\000p\000a\000u\000x\000\040\000d\000\351\000p\000a\000r\000t\000e\000m\000e\000n\000t\000s}{section.1.5}% 18
\BOOKMARK [1][-]{section.1.6}{\376\377\000D\000\351\000p\000a\000r\000t\000e\000m\000e\000n\000t\000\040\000F\000a\000b\000r\000i\000c\000a\000t\000i\000o\000n}{chapter.1}% 19
\BOOKMARK [2][-]{subsection.1.6.1}{\376\377\000S\000t\000r\000u\000c\000t\000u\000r\000e\000\040\000d\000u\000\040\000d\000\351\000p\000a\000r\000t\000e\000m\000e\000n\000t}{section.1.6}% 20
\BOOKMARK [2][-]{subsection.1.6.2}{\376\377\000S\000e\000r\000v\000i\000c\000e\000\040\000C\000o\000n\000d\000i\000t\000i\000o\000n\000n\000e\000m\000e\000n\000t}{section.1.6}% 21
\BOOKMARK [2][-]{subsection.1.6.3}{\376\377\000S\000e\000r\000v\000i\000c\000e\000\040\000M\000a\000i\000n\000t\000e\000n\000a\000n\000c\000e}{section.1.6}% 22
\BOOKMARK [1][-]{section.1.7}{\376\377\000T\000e\000c\000h\000n\000o\000l\000o\000g\000i\000e\000s\000\040\000d\000e\000\040\000C\000o\000n\000d\000i\000t\000i\000o\000n\000n\000e\000m\000e\000n\000t}{chapter.1}% 23
\BOOKMARK [2][-]{subsection.1.7.1}{\376\377\000L\000e\000s\000\040\000t\000e\000c\000h\000n\000o\000l\000o\000g\000i\000e\000s\000\040\000T\000e\000t\000r\000a\000\040\000P\000a\000k}{section.1.7}% 24
\BOOKMARK [2][-]{subsection.1.7.2}{\376\377\000P\000a\000r\000c\000\040\000m\000a\000c\000h\000i\000n\000e\000s\000\040\000d\000u\000\040\000s\000i\000t\000e}{section.1.7}% 25
\BOOKMARK [2][-]{subsection.1.7.3}{\376\377\000P\000r\000o\000d\000u\000i\000t\000s\000\040\000c\000o\000n\000d\000i\000t\000i\000o\000n\000n\000\351\000s}{section.1.7}% 26
\BOOKMARK [1][-]{section.1.8}{\376\377\000M\000a\000c\000h\000i\000n\000e\000\040\000T\000E\000T\000R\000A\000T\000O\000P\000\040\000-\000\040\000P\000\351\000r\000i\000m\000\350\000t\000r\000e\000\040\000d\000u\000\040\000P\000r\000o\000j\000e\000t}{chapter.1}% 27
\BOOKMARK [2][-]{subsection.1.8.1}{\376\377\000P\000r\000\351\000s\000e\000n\000t\000a\000t\000i\000o\000n\000\040\000d\000e\000\040\000l\000a\000\040\000m\000a\000c\000h\000i\000n\000e\000\040\000T\000E\000T\000R\000A\000T\000O\000P}{section.1.8}% 28
\BOOKMARK [2][-]{subsection.1.8.2}{\376\377\000C\000a\000r\000a\000c\000t\000\351\000r\000i\000s\000t\000i\000q\000u\000e\000s\000\040\000t\000e\000c\000h\000n\000i\000q\000u\000e\000s}{section.1.8}% 29
\BOOKMARK [2][-]{subsection.1.8.3}{\376\377\000S\000e\000c\000t\000i\000o\000n\000s\000\040\000f\000o\000n\000c\000t\000i\000o\000n\000n\000e\000l\000l\000e\000s\000\040\000d\000e\000\040\000l\000a\000\040\000m\000a\000c\000h\000i\000n\000e}{section.1.8}% 30
\BOOKMARK [1][-]{section.1.9}{\376\377\000C\000o\000n\000t\000e\000x\000t\000e\000\040\000d\000u\000\040\000P\000r\000o\000j\000e\000t\000\040\000e\000t\000\040\000P\000r\000o\000b\000l\000\351\000m\000a\000t\000i\000q\000u\000e}{chapter.1}% 31
\BOOKMARK [2][-]{subsection.1.9.1}{\376\377\000C\000o\000n\000t\000e\000x\000t\000e\000\040\000i\000n\000d\000u\000s\000t\000r\000i\000e\000l}{section.1.9}% 32
\BOOKMARK [2][-]{subsection.1.9.2}{\376\377\000P\000r\000o\000b\000l\000\351\000m\000a\000t\000i\000q\000u\000e\000\040\000i\000d\000e\000n\000t\000i\000f\000i\000\351\000e}{section.1.9}% 33
\BOOKMARK [2][-]{subsection.1.9.3}{\376\377\000\311\000n\000o\000n\000c\000\351\000\040\000d\000e\000\040\000l\000a\000\040\000p\000r\000o\000b\000l\000\351\000m\000a\000t\000i\000q\000u\000e}{section.1.9}% 34
\BOOKMARK [2][-]{subsection.1.9.4}{\376\377\000I\000m\000p\000a\000c\000t\000s\000\040\000d\000e\000\040\000l\000a\000\040\000p\000r\000o\000b\000l\000\351\000m\000a\000t\000i\000q\000u\000e}{section.1.9}% 35
\BOOKMARK [1][-]{section.1.10}{\376\377\000D\000\351\000f\000i\000n\000i\000t\000i\000o\000n\000\040\000d\000u\000\040\000P\000r\000o\000j\000e\000t\000\040\000:\000\040\000M\000\351\000t\000h\000o\000d\000e\000\040\000Q\000Q\000O\000Q\000C\000P}{chapter.1}% 36
\BOOKMARK [2][-]{subsection.1.10.1}{\376\377\000O\000b\000j\000e\000c\000t\000i\000f\000s\000\040\000s\000p\000\351\000c\000i\000f\000i\000q\000u\000e\000s\000\040\000m\000e\000s\000u\000r\000a\000b\000l\000e\000s}{section.1.10}% 37
\BOOKMARK [2][-]{subsection.1.10.2}{\376\377\000I\000n\000d\000i\000c\000a\000t\000e\000u\000r\000s\000\040\000d\000e\000\040\000p\000e\000r\000f\000o\000r\000m\000a\000n\000c\000e\000\040\000c\000i\000b\000l\000\351\000s}{section.1.10}% 38
\BOOKMARK [1][-]{section.1.11}{\376\377\000M\000\351\000t\000h\000o\000d\000o\000l\000o\000g\000i\000e\000\040\000:\000\040\000D\000M\000A\000I\000C\000\040\000e\000t\000\040\000A\000M\000D\000E\000C}{chapter.1}% 39
\BOOKMARK [2][-]{subsection.1.11.1}{\376\377\000C\000a\000d\000r\000e\000\040\000g\000l\000o\000b\000a\000l\000\040\000:\000\040\000D\000M\000A\000I\000C}{section.1.11}% 40
\BOOKMARK [2][-]{subsection.1.11.2}{\376\377\000O\000u\000t\000i\000l\000\040\000t\000e\000c\000h\000n\000i\000q\000u\000e\000\040\000:\000\040\000A\000M\000D\000E\000C}{section.1.11}% 41
\BOOKMARK [2][-]{subsection.1.11.3}{\376\377\000A\000r\000b\000o\000r\000e\000s\000c\000e\000n\000c\000e\000\040\000h\000i\000\351\000r\000a\000r\000c\000h\000i\000q\000u\000e\000\040\000\340\000\040\0006\000\040\000n\000i\000v\000e\000a\000u\000x}{section.1.11}% 42
\BOOKMARK [2][-]{subsection.1.11.4}{\376\377\000P\000l\000a\000n\000n\000i\000n\000g\000\040\000d\000u\000\040\000p\000r\000o\000j\000e\000t}{section.1.11}% 43
\BOOKMARK [1][-]{section.1.12}{\376\377\000L\000i\000v\000r\000a\000b\000l\000e\000s\000\040\000a\000t\000t\000e\000n\000d\000u\000s}{chapter.1}% 44
\BOOKMARK [2][-]{subsection.1.12.1}{\376\377\000L\000i\000v\000r\000a\000b\000l\000e\000s\000\040\000t\000e\000c\000h\000n\000i\000q\000u\000e\000s}{section.1.12}% 45
\BOOKMARK [2][-]{subsection.1.12.2}{\376\377\000L\000i\000v\000r\000a\000b\000l\000e\000s\000\040\000a\000c\000a\000d\000\351\000m\000i\000q\000u\000e\000s}{section.1.12}% 46
\BOOKMARK [1][-]{section.1.13}{\376\377\000C\000o\000n\000c\000l\000u\000s\000i\000o\000n\000\040\000d\000u\000\040\000c\000h\000a\000p\000i\000t\000r\000e}{chapter.1}% 47
