This is pdfTeX, Version 3.141592653-2.6-1.40.25 (MiKTeX 24.1) (preloaded format=pdflatex 2025.11.20)  23 FEB 2026 09:32
entering extended mode
 restricted \write18 enabled.
 file:line:error style messages enabled.
 %&-line parsing enabled.
**c:/Users/Administrateur/Desktop/PFE/chapitre1_v2.tex
(c:/Users/Administrateur/Desktop/PFE/chapitre1_v2.tex
LaTeX2e <2023-11-01> patch level 1
L3 programming layer <2024-01-04>
)
! Emergency stop.
<*> ...Administrateur/Desktop/PFE/chapitre1_v2.tex
                                                  
*** (job aborted, no legal \end found)

 
Here is how much of TeX's memory you used:
 19 strings out of 474485
 509 string characters out of 5739485
 1924542 words of memory out of 5000000
 22405 multiletter control sequences out of 15000+600000
 558069 words of font info for 36 fonts, out of 8000000 for 9000
 1141 hyphenation exceptions out of 8191
 12i,0n,13p,84b,8s stack positions out of 10000i,1000n,20000p,200000b,200000s
!  ==> Fatal error occurred, no output PDF file produced!
